This file contains any messages produced by compilers while
running configure, to aid debugging if configure makes a mistake.

It was created by liberr configure 1.0, which was
generated by GNU Autoconf 2.69.  Invocation command line was

  $ ./configure 

## --------- ##
## Platform. ##
## --------- ##

hostname = localhost.localdomain
uname -m = x86_64
uname -r = 4.4.6-301.fc23.x86_64
uname -s = Linux
uname -v = #1 SMP Wed Mar 30 16:43:58 UTC 2016

/usr/bin/uname -p = x86_64
/bin/uname -X     = unknown

/bin/arch              = x86_64
/usr/bin/arch -k       = unknown
/usr/convex/getsysinfo = unknown
/usr/bin/hostinfo      = unknown
/bin/machine           = unknown
/usr/bin/oslevel       = unknown
/bin/universe          = unknown

PATH: /usr/lib64/qt-3.3/bin
PATH: /usr/local/bin
PATH: /usr/local/sbin
PATH: /usr/bin
PATH: /usr/sbin
PATH: /home/tomonori/.local/bin
PATH: /home/tomonori/bin


## ----------- ##
## Core tests. ##
## ----------- ##

configure:2358: checking for a BSD-compatible install
configure:2426: result: /usr/bin/install -c
configure:2437: checking whether build environment is sane
configure:2492: result: yes
configure:2643: checking for a thread-safe mkdir -p
configure:2682: result: /usr/bin/mkdir -p
configure:2689: checking for gawk
configure:2705: found /usr/bin/gawk
configure:2716: result: gawk
configure:2727: checking whether make sets $(MAKE)
configure:2749: result: yes
configure:2778: checking whether make supports nested variables
configure:2795: result: yes
configure:2950: checking build system type
configure:2964: result: x86_64-unknown-linux-gnu
configure:2984: checking host system type
configure:2997: result: x86_64-unknown-linux-gnu
configure:3038: checking how to print strings
configure:3065: result: printf
configure:3098: checking for style of include used by make
configure:3126: result: GNU
configure:3197: checking for gcc
configure:3213: found /usr/bin/gcc
configure:3224: result: gcc
configure:3453: checking for C compiler version
configure:3462: gcc --version >&5
gcc (GCC) 5.3.1 20160406 (Red Hat 5.3.1-6)
Copyright (C) 2015 Free Software Foundation, Inc.
This is free software; see the source for copying conditions.  There is NO
warranty; not even for MERCHANTABILITY or FITNESS FOR A PARTICULAR PURPOSE.

configure:3473: $? = 0
configure:3462: gcc -v >&5
Using built-in specs.
COLLECT_GCC=gcc
COLLECT_LTO_WRAPPER=/usr/libexec/gcc/x86_64-redhat-linux/5.3.1/lto-wrapper
Target: x86_64-redhat-linux
Configured with: ../configure --enable-bootstrap --enable-languages=c,c++,objc,obj-c++,fortran,ada,go,lto --prefix=/usr --mandir=/usr/share/man --infodir=/usr/share/info --with-bugurl=http://bugzilla.redhat.com/bugzilla --enable-shared --enable-threads=posix --enable-checking=release --enable-multilib --with-system-zlib --enable-__cxa_atexit --disable-libunwind-exceptions --enable-gnu-unique-object --enable-linker-build-id --with-linker-hash-style=gnu --enable-plugin --enable-initfini-array --disable-libgcj --with-isl --enable-libmpx --enable-gnu-indirect-function --with-tune=generic --with-arch_32=i686 --build=x86_64-redhat-linux
Thread model: posix
gcc version 5.3.1 20160406 (Red Hat 5.3.1-6) (GCC) 
configure:3473: $? = 0
configure:3462: gcc -V >&5
gcc: error: unrecognized command line option '-V'
gcc: fatal error: no input files
compilation terminated.
configure:3473: $? = 1
configure:3462: gcc -qversion >&5
gcc: error: unrecognized command line option '-qversion'
gcc: fatal error: no input files
compilation terminated.
configure:3473: $? = 1
configure:3493: checking whether the C compiler works
configure:3515: gcc    conftest.c  >&5
configure:3519: $? = 0
configure:3567: result: yes
configure:3570: checking for C compiler default output file name
configure:3572: result: a.out
configure:3578: checking for suffix of executables
configure:3585: gcc -o conftest    conftest.c  >&5
configure:3589: $? = 0
configure:3611: result: 
configure:3633: checking whether we are cross compiling
configure:3641: gcc -o conftest    conftest.c  >&5
configure:3645: $? = 0
configure:3652: ./conftest
configure:3656: $? = 0
configure:3671: result: no
configure:3676: checking for suffix of object files
configure:3698: gcc -c   conftest.c >&5
configure:3702: $? = 0
configure:3723: result: o
configure:3727: checking whether we are using the GNU C compiler
configure:3746: gcc -c   conftest.c >&5
configure:3746: $? = 0
configure:3755: result: yes
configure:3764: checking whether gcc accepts -g
configure:3784: gcc -c -g  conftest.c >&5
configure:3784: $? = 0
configure:3825: result: yes
configure:3842: checking for gcc option to accept ISO C89
configure:3905: gcc  -c -g -O2  conftest.c >&5
configure:3905: $? = 0
configure:3918: result: none needed
configure:3943: checking whether gcc understands -c and -o together
configure:3965: gcc -c conftest.c -o conftest2.o
configure:3968: $? = 0
configure:3965: gcc -c conftest.c -o conftest2.o
configure:3968: $? = 0
configure:3980: result: yes
configure:3999: checking dependency style of gcc
configure:4110: result: gcc3
configure:4125: checking for a sed that does not truncate output
configure:4189: result: /usr/bin/sed
configure:4207: checking for grep that handles long lines and -e
configure:4265: result: /usr/bin/grep
configure:4270: checking for egrep
configure:4332: result: /usr/bin/grep -E
configure:4337: checking for fgrep
configure:4399: result: /usr/bin/grep -F
configure:4434: checking for ld used by gcc
configure:4501: result: /usr/bin/ld
configure:4508: checking if the linker (/usr/bin/ld) is GNU ld
configure:4523: result: yes
configure:4535: checking for BSD- or MS-compatible name lister (nm)
configure:4589: result: /usr/bin/nm -B
configure:4719: checking the name lister (/usr/bin/nm -B) interface
configure:4726: gcc -c -g -O2  conftest.c >&5
configure:4729: /usr/bin/nm -B "conftest.o"
configure:4732: output
0000000000000000 B some_variable
configure:4739: result: BSD nm
configure:4742: checking whether ln -s works
configure:4746: result: yes
configure:4754: checking the maximum length of command line arguments
configure:4885: result: 1572864
configure:4933: checking how to convert x86_64-unknown-linux-gnu file names to x86_64-unknown-linux-gnu format
configure:4973: result: func_convert_file_noop
configure:4980: checking how to convert x86_64-unknown-linux-gnu file names to toolchain format
configure:5000: result: func_convert_file_noop
configure:5007: checking for /usr/bin/ld option to reload object files
configure:5014: result: -r
configure:5088: checking for objdump
configure:5104: found /usr/bin/objdump
configure:5115: result: objdump
configure:5147: checking how to recognize dependent libraries
configure:5347: result: pass_all
configure:5432: checking for dlltool
configure:5462: result: no
configure:5492: checking how to associate runtime and link libraries
configure:5519: result: printf %s\n
configure:5580: checking for ar
configure:5596: found /usr/bin/ar
configure:5607: result: ar
configure:5644: checking for archiver @FILE support
configure:5661: gcc -c -g -O2  conftest.c >&5
configure:5661: $? = 0
configure:5664: ar cru libconftest.a @conftest.lst >&5
ar: `u' modifier ignored since `D' is the default (see `U')
configure:5667: $? = 0
configure:5672: ar cru libconftest.a @conftest.lst >&5
ar: `u' modifier ignored since `D' is the default (see `U')
ar: conftest.o: No such file or directory
configure:5675: $? = 1
configure:5687: result: @
configure:5745: checking for strip
configure:5761: found /usr/bin/strip
configure:5772: result: strip
configure:5844: checking for ranlib
configure:5860: found /usr/bin/ranlib
configure:5871: result: ranlib
configure:5973: checking command to parse /usr/bin/nm -B output from gcc object
configure:6126: gcc -c -g -O2  conftest.c >&5
configure:6129: $? = 0
configure:6133: /usr/bin/nm -B conftest.o \| sed -n -e 's/^.*[ ]\([ABCDGIRSTW][ABCDGIRSTW]*\)[ ][ ]*\([_A-Za-z][_A-Za-z0-9]*\)$/\1 \2 \2/p' | sed '/ __gnu_lto/d' \> conftest.nm
configure:6136: $? = 0
configure:6202: gcc -o conftest -g -O2   conftest.c conftstm.o >&5
configure:6205: $? = 0
configure:6243: result: ok
configure:6290: checking for sysroot
configure:6320: result: no
configure:6327: checking for a working dd
configure:6365: result: /usr/bin/dd
configure:6369: checking how to truncate binary pipes
configure:6384: result: /usr/bin/dd bs=4096 count=1
configure:6520: gcc -c -g -O2  conftest.c >&5
configure:6523: $? = 0
configure:6713: checking for mt
configure:6743: result: no
configure:6763: checking if : is a manifest tool
configure:6769: : '-?'
configure:6777: result: no
configure:7454: checking how to run the C preprocessor
configure:7485: gcc -E  conftest.c
configure:7485: $? = 0
configure:7499: gcc -E  conftest.c
conftest.c:11:28: fatal error: ac_nonexistent.h: No such file or directory
compilation terminated.
configure:7499: $? = 1
configure: failed program was:
| /* confdefs.h */
| #define PACKAGE_NAME "liberr"
| #define PACKAGE_TARNAME "liberr"
| #define PACKAGE_VERSION "1.0"
| #define PACKAGE_STRING "liberr 1.0"
| #define PACKAGE_BUGREPORT "yzfedora@gmail.com"
| #define PACKAGE_URL ""
| #define PACKAGE "liberr"
| #define VERSION "1.0"
| /* end confdefs.h.  */
| #include <ac_nonexistent.h>
configure:7524: result: gcc -E
configure:7544: gcc -E  conftest.c
configure:7544: $? = 0
configure:7558: gcc -E  conftest.c
conftest.c:11:28: fatal error: ac_nonexistent.h: No such file or directory
compilation terminated.
configure:7558: $? = 1
configure: failed program was:
| /* confdefs.h */
| #define PACKAGE_NAME "liberr"
| #define PACKAGE_TARNAME "liberr"
| #define PACKAGE_VERSION "1.0"
| #define PACKAGE_STRING "liberr 1.0"
| #define PACKAGE_BUGREPORT "yzfedora@gmail.com"
| #define PACKAGE_URL ""
| #define PACKAGE "liberr"
| #define VERSION "1.0"
| /* end confdefs.h.  */
| #include <ac_nonexistent.h>
configure:7587: checking for ANSI C header files
configure:7607: gcc -c -g -O2  conftest.c >&5
configure:7607: $? = 0
configure:7680: gcc -o conftest -g -O2   conftest.c  >&5
configure:7680: $? = 0
configure:7680: ./conftest
configure:7680: $? = 0
configure:7691: result: yes
configure:7704: checking for sys/types.h
configure:7704: gcc -c -g -O2  conftest.c >&5
configure:7704: $? = 0
configure:7704: result: yes
configure:7704: checking for sys/stat.h
configure:7704: gcc -c -g -O2  conftest.c >&5
configure:7704: $? = 0
configure:7704: result: yes
configure:7704: checking for stdlib.h
configure:7704: gcc -c -g -O2  conftest.c >&5
configure:7704: $? = 0
configure:7704: result: yes
configure:7704: checking for string.h
configure:7704: gcc -c -g -O2  conftest.c >&5
configure:7704: $? = 0
configure:7704: result: yes
configure:7704: checking for memory.h
configure:7704: gcc -c -g -O2  conftest.c >&5
configure:7704: $? = 0
configure:7704: result: yes
configure:7704: checking for strings.h
configure:7704: gcc -c -g -O2  conftest.c >&5
configure:7704: $? = 0
configure:7704: result: yes
configure:7704: checking for inttypes.h
configure:7704: gcc -c -g -O2  conftest.c >&5
configure:7704: $? = 0
configure:7704: result: yes
configure:7704: checking for stdint.h
configure:7704: gcc -c -g -O2  conftest.c >&5
configure:7704: $? = 0
configure:7704: result: yes
configure:7704: checking for unistd.h
configure:7704: gcc -c -g -O2  conftest.c >&5
configure:7704: $? = 0
configure:7704: result: yes
configure:7718: checking for dlfcn.h
configure:7718: gcc -c -g -O2  conftest.c >&5
configure:7718: $? = 0
configure:7718: result: yes
configure:7974: checking for objdir
configure:7989: result: .libs
configure:8249: checking if gcc supports -fno-rtti -fno-exceptions
configure:8267: gcc -c -g -O2  -fno-rtti -fno-exceptions conftest.c >&5
cc1: warning: command line option '-fno-rtti' is valid for C++/ObjC++ but not for C
configure:8271: $? = 0
configure:8284: result: no
configure:8642: checking for gcc option to produce PIC
configure:8649: result: -fPIC -DPIC
configure:8657: checking if gcc PIC flag -fPIC -DPIC works
configure:8675: gcc -c -g -O2  -fPIC -DPIC -DPIC conftest.c >&5
configure:8679: $? = 0
configure:8692: result: yes
configure:8721: checking if gcc static flag -static works
configure:8749: result: no
configure:8764: checking if gcc supports -c -o file.o
configure:8785: gcc -c -g -O2  -o out/conftest2.o conftest.c >&5
configure:8789: $? = 0
configure:8811: result: yes
configure:8819: checking if gcc supports -c -o file.o
configure:8866: result: yes
configure:8899: checking whether the gcc linker (/usr/bin/ld -m elf_x86_64) supports shared libraries
configure:10158: result: yes
configure:10195: checking whether -lc should be explicitly linked in
configure:10203: gcc -c -g -O2  conftest.c >&5
configure:10206: $? = 0
configure:10221: gcc -shared  -fPIC -DPIC conftest.o  -v -Wl,-soname -Wl,conftest -o conftest 2\>\&1 \| /usr/bin/grep  -lc  \>/dev/null 2\>\&1
configure:10224: $? = 0
configure:10238: result: no
configure:10398: checking dynamic linker characteristics
configure:10979: gcc -o conftest -g -O2   -Wl,-rpath -Wl,/foo conftest.c  >&5
configure:10979: $? = 0
configure:11219: result: GNU/Linux ld.so
configure:11341: checking how to hardcode library paths into programs
configure:11366: result: immediate
configure:11914: checking whether stripping libraries is possible
configure:11919: result: yes
configure:11954: checking if libtool supports shared libraries
configure:11956: result: yes
configure:11959: checking whether to build shared libraries
configure:11984: result: yes
configure:11987: checking whether to build static libraries
configure:11991: result: yes
configure:12083: checking for gcc
configure:12110: result: gcc
configure:12339: checking for C compiler version
configure:12348: gcc --version >&5
gcc (GCC) 5.3.1 20160406 (Red Hat 5.3.1-6)
Copyright (C) 2015 Free Software Foundation, Inc.
This is free software; see the source for copying conditions.  There is NO
warranty; not even for MERCHANTABILITY or FITNESS FOR A PARTICULAR PURPOSE.

configure:12359: $? = 0
configure:12348: gcc -v >&5
Using built-in specs.
COLLECT_GCC=gcc
COLLECT_LTO_WRAPPER=/usr/libexec/gcc/x86_64-redhat-linux/5.3.1/lto-wrapper
Target: x86_64-redhat-linux
Configured with: ../configure --enable-bootstrap --enable-languages=c,c++,objc,obj-c++,fortran,ada,go,lto --prefix=/usr --mandir=/usr/share/man --infodir=/usr/share/info --with-bugurl=http://bugzilla.redhat.com/bugzilla --enable-shared --enable-threads=posix --enable-checking=release --enable-multilib --with-system-zlib --enable-__cxa_atexit --disable-libunwind-exceptions --enable-gnu-unique-object --enable-linker-build-id --with-linker-hash-style=gnu --enable-plugin --enable-initfini-array --disable-libgcj --with-isl --enable-libmpx --enable-gnu-indirect-function --with-tune=generic --with-arch_32=i686 --build=x86_64-redhat-linux
Thread model: posix
gcc version 5.3.1 20160406 (Red Hat 5.3.1-6) (GCC) 
configure:12359: $? = 0
configure:12348: gcc -V >&5
gcc: error: unrecognized command line option '-V'
gcc: fatal error: no input files
compilation terminated.
configure:12359: $? = 1
configure:12348: gcc -qversion >&5
gcc: error: unrecognized command line option '-qversion'
gcc: fatal error: no input files
compilation terminated.
configure:12359: $? = 1
configure:12363: checking whether we are using the GNU C compiler
configure:12391: result: yes
configure:12400: checking whether gcc accepts -g
configure:12461: result: yes
configure:12478: checking for gcc option to accept ISO C89
configure:12554: result: none needed
configure:12579: checking whether gcc understands -c and -o together
configure:12616: result: yes
configure:12635: checking dependency style of gcc
configure:12746: result: gcc3
configure:12767: checking for pthread_exit in -lpthread
configure:12792: gcc -o conftest -g -O2   conftest.c -lpthread   >&5
configure:12792: $? = 0
configure:12801: result: yes
configure:12817: checking fcntl.h usability
configure:12817: gcc -c -g -O2  conftest.c >&5
configure:12817: $? = 0
configure:12817: result: yes
configure:12817: checking fcntl.h presence
configure:12817: gcc -E  conftest.c
configure:12817: $? = 0
configure:12817: result: yes
configure:12817: checking for fcntl.h
configure:12817: result: yes
configure:12817: checking for stdlib.h
configure:12817: result: yes
configure:12817: checking for string.h
configure:12817: result: yes
configure:12817: checking syslog.h usability
configure:12817: gcc -c -g -O2  conftest.c >&5
configure:12817: $? = 0
configure:12817: result: yes
configure:12817: checking syslog.h presence
configure:12817: gcc -E  conftest.c
configure:12817: $? = 0
configure:12817: result: yes
configure:12817: checking for syslog.h
configure:12817: result: yes
configure:12817: checking for unistd.h
configure:12817: result: yes
configure:12829: checking for stdbool.h that conforms to C99
configure:12896: gcc -c -g -O2  conftest.c >&5
configure:12896: $? = 0
configure:12903: result: yes
configure:12905: checking for _Bool
configure:12905: gcc -c -g -O2  conftest.c >&5
configure:12905: $? = 0
configure:12905: gcc -c -g -O2  conftest.c >&5
conftest.c: In function 'main':
conftest.c:65:20: error: expected expression before ')' token
 if (sizeof ((_Bool)))
                    ^
configure:12905: $? = 1
configure: failed program was:
| /* confdefs.h */
| #define PACKAGE_NAME "liberr"
| #define PACKAGE_TARNAME "liberr"
| #define PACKAGE_VERSION "1.0"
| #define PACKAGE_STRING "liberr 1.0"
| #define PACKAGE_BUGREPORT "yzfedora@gmail.com"
| #define PACKAGE_URL ""
| #define PACKAGE "liberr"
| #define VERSION "1.0"
| #define STDC_HEADERS 1
| #define HAVE_SYS_TYPES_H 1
| #define HAVE_SYS_STAT_H 1
| #define HAVE_STDLIB_H 1
| #define HAVE_STRING_H 1
| #define HAVE_MEMORY_H 1
| #define HAVE_STRINGS_H 1
| #define HAVE_INTTYPES_H 1
| #define HAVE_STDINT_H 1
| #define HAVE_UNISTD_H 1
| #define HAVE_DLFCN_H 1
| #define LT_OBJDIR ".libs/"
| #define HAVE_LIBPTHREAD 1
| #define HAVE_FCNTL_H 1
| #define HAVE_STDLIB_H 1
| #define HAVE_STRING_H 1
| #define HAVE_SYSLOG_H 1
| #define HAVE_UNISTD_H 1
| /* end confdefs.h.  */
| #include <stdio.h>
| #ifdef HAVE_SYS_TYPES_H
| # include <sys/types.h>
| #endif
| #ifdef HAVE_SYS_STAT_H
| # include <sys/stat.h>
| #endif
| #ifdef STDC_HEADERS
| # include <stdlib.h>
| # include <stddef.h>
| #else
| # ifdef HAVE_STDLIB_H
| #  include <stdlib.h>
| # endif
| #endif
| #ifdef HAVE_STRING_H
| # if !defined STDC_HEADERS && defined HAVE_MEMORY_H
| #  include <memory.h>
| # endif
| # include <string.h>
| #endif
| #ifdef HAVE_STRINGS_H
| # include <strings.h>
| #endif
| #ifdef HAVE_INTTYPES_H
| # include <inttypes.h>
| #endif
| #ifdef HAVE_STDINT_H
| # include <stdint.h>
| #endif
| #ifdef HAVE_UNISTD_H
| # include <unistd.h>
| #endif
| int
| main ()
| {
| if (sizeof ((_Bool)))
| 	    return 0;
|   ;
|   return 0;
| }
configure:12905: result: yes
configure:12916: checking for inline
configure:12932: gcc -c -g -O2  conftest.c >&5
configure:12932: $? = 0
configure:12940: result: inline
configure:12958: checking for pid_t
configure:12958: gcc -c -g -O2  conftest.c >&5
configure:12958: $? = 0
configure:12958: gcc -c -g -O2  conftest.c >&5
conftest.c: In function 'main':
conftest.c:66:20: error: expected expression before ')' token
 if (sizeof ((pid_t)))
                    ^
configure:12958: $? = 1
configure: failed program was:
| /* confdefs.h */
| #define PACKAGE_NAME "liberr"
| #define PACKAGE_TARNAME "liberr"
| #define PACKAGE_VERSION "1.0"
| #define PACKAGE_STRING "liberr 1.0"
| #define PACKAGE_BUGREPORT "yzfedora@gmail.com"
| #define PACKAGE_URL ""
| #define PACKAGE "liberr"
| #define VERSION "1.0"
| #define STDC_HEADERS 1
| #define HAVE_SYS_TYPES_H 1
| #define HAVE_SYS_STAT_H 1
| #define HAVE_STDLIB_H 1
| #define HAVE_STRING_H 1
| #define HAVE_MEMORY_H 1
| #define HAVE_STRINGS_H 1
| #define HAVE_INTTYPES_H 1
| #define HAVE_STDINT_H 1
| #define HAVE_UNISTD_H 1
| #define HAVE_DLFCN_H 1
| #define LT_OBJDIR ".libs/"
| #define HAVE_LIBPTHREAD 1
| #define HAVE_FCNTL_H 1
| #define HAVE_STDLIB_H 1
| #define HAVE_STRING_H 1
| #define HAVE_SYSLOG_H 1
| #define HAVE_UNISTD_H 1
| #define HAVE__BOOL 1
| /* end confdefs.h.  */
| #include <stdio.h>
| #ifdef HAVE_SYS_TYPES_H
| # include <sys/types.h>
| #endif
| #ifdef HAVE_SYS_STAT_H
| # include <sys/stat.h>
| #endif
| #ifdef STDC_HEADERS
| # include <stdlib.h>
| # include <stddef.h>
| #else
| # ifdef HAVE_STDLIB_H
| #  include <stdlib.h>
| # endif
| #endif
| #ifdef HAVE_STRING_H
| # if !defined STDC_HEADERS && defined HAVE_MEMORY_H
| #  include <memory.h>
| # endif
| # include <string.h>
| #endif
| #ifdef HAVE_STRINGS_H
| # include <strings.h>
| #endif
| #ifdef HAVE_INTTYPES_H
| # include <inttypes.h>
| #endif
| #ifdef HAVE_STDINT_H
| # include <stdint.h>
| #endif
| #ifdef HAVE_UNISTD_H
| # include <unistd.h>
| #endif
| int
| main ()
| {
| if (sizeof ((pid_t)))
| 	    return 0;
|   ;
|   return 0;
| }
configure:12958: result: yes
configure:12969: checking for size_t
configure:12969: gcc -c -g -O2  conftest.c >&5
configure:12969: $? = 0
configure:12969: gcc -c -g -O2  conftest.c >&5
conftest.c: In function 'main':
conftest.c:66:21: error: expected expression before ')' token
 if (sizeof ((size_t)))
                     ^
configure:12969: $? = 1
configure: failed program was:
| /* confdefs.h */
| #define PACKAGE_NAME "liberr"
| #define PACKAGE_TARNAME "liberr"
| #define PACKAGE_VERSION "1.0"
| #define PACKAGE_STRING "liberr 1.0"
| #define PACKAGE_BUGREPORT "yzfedora@gmail.com"
| #define PACKAGE_URL ""
| #define PACKAGE "liberr"
| #define VERSION "1.0"
| #define STDC_HEADERS 1
| #define HAVE_SYS_TYPES_H 1
| #define HAVE_SYS_STAT_H 1
| #define HAVE_STDLIB_H 1
| #define HAVE_STRING_H 1
| #define HAVE_MEMORY_H 1
| #define HAVE_STRINGS_H 1
| #define HAVE_INTTYPES_H 1
| #define HAVE_STDINT_H 1
| #define HAVE_UNISTD_H 1
| #define HAVE_DLFCN_H 1
| #define LT_OBJDIR ".libs/"
| #define HAVE_LIBPTHREAD 1
| #define HAVE_FCNTL_H 1
| #define HAVE_STDLIB_H 1
| #define HAVE_STRING_H 1
| #define HAVE_SYSLOG_H 1
| #define HAVE_UNISTD_H 1
| #define HAVE__BOOL 1
| /* end confdefs.h.  */
| #include <stdio.h>
| #ifdef HAVE_SYS_TYPES_H
| # include <sys/types.h>
| #endif
| #ifdef HAVE_SYS_STAT_H
| # include <sys/stat.h>
| #endif
| #ifdef STDC_HEADERS
| # include <stdlib.h>
| # include <stddef.h>
| #else
| # ifdef HAVE_STDLIB_H
| #  include <stdlib.h>
| # endif
| #endif
| #ifdef HAVE_STRING_H
| # if !defined STDC_HEADERS && defined HAVE_MEMORY_H
| #  include <memory.h>
| # endif
| # include <string.h>
| #endif
| #ifdef HAVE_STRINGS_H
| # include <strings.h>
| #endif
| #ifdef HAVE_INTTYPES_H
| # include <inttypes.h>
| #endif
| #ifdef HAVE_STDINT_H
| # include <stdint.h>
| #endif
| #ifdef HAVE_UNISTD_H
| # include <unistd.h>
| #endif
| int
| main ()
| {
| if (sizeof ((size_t)))
| 	    return 0;
|   ;
|   return 0;
| }
configure:12969: result: yes
configure:12984: checking vfork.h usability
configure:12984: gcc -c -g -O2  conftest.c >&5
conftest.c:63:19: fatal error: vfork.h: No such file or directory
compilation terminated.
configure:12984: $? = 1
configure: failed program was:
| /* confdefs.h */
| #define PACKAGE_NAME "liberr"
| #define PACKAGE_TARNAME "liberr"
| #define PACKAGE_VERSION "1.0"
| #define PACKAGE_STRING "liberr 1.0"
| #define PACKAGE_BUGREPORT "yzfedora@gmail.com"
| #define PACKAGE_URL ""
| #define PACKAGE "liberr"
| #define VERSION "1.0"
| #define STDC_HEADERS 1
| #define HAVE_SYS_TYPES_H 1
| #define HAVE_SYS_STAT_H 1
| #define HAVE_STDLIB_H 1
| #define HAVE_STRING_H 1
| #define HAVE_MEMORY_H 1
| #define HAVE_STRINGS_H 1
| #define HAVE_INTTYPES_H 1
| #define HAVE_STDINT_H 1
| #define HAVE_UNISTD_H 1
| #define HAVE_DLFCN_H 1
| #define LT_OBJDIR ".libs/"
| #define HAVE_LIBPTHREAD 1
| #define HAVE_FCNTL_H 1
| #define HAVE_STDLIB_H 1
| #define HAVE_STRING_H 1
| #define HAVE_SYSLOG_H 1
| #define HAVE_UNISTD_H 1
| #define HAVE__BOOL 1
| /* end confdefs.h.  */
| #include <stdio.h>
| #ifdef HAVE_SYS_TYPES_H
| # include <sys/types.h>
| #endif
| #ifdef HAVE_SYS_STAT_H
| # include <sys/stat.h>
| #endif
| #ifdef STDC_HEADERS
| # include <stdlib.h>
| # include <stddef.h>
| #else
| # ifdef HAVE_STDLIB_H
| #  include <stdlib.h>
| # endif
| #endif
| #ifdef HAVE_STRING_H
| # if !defined STDC_HEADERS && defined HAVE_MEMORY_H
| #  include <memory.h>
| # endif
| # include <string.h>
| #endif
| #ifdef HAVE_STRINGS_H
| # include <strings.h>
| #endif
| #ifdef HAVE_INTTYPES_H
| # include <inttypes.h>
| #endif
| #ifdef HAVE_STDINT_H
| # include <stdint.h>
| #endif
| #ifdef HAVE_UNISTD_H
| # include <unistd.h>
| #endif
| #include <vfork.h>
configure:12984: result: no
configure:12984: checking vfork.h presence
configure:12984: gcc -E  conftest.c
conftest.c:30:19: fatal error: vfork.h: No such file or directory
compilation terminated.
configure:12984: $? = 1
configure: failed program was:
| /* confdefs.h */
| #define PACKAGE_NAME "liberr"
| #define PACKAGE_TARNAME "liberr"
| #define PACKAGE_VERSION "1.0"
| #define PACKAGE_STRING "liberr 1.0"
| #define PACKAGE_BUGREPORT "yzfedora@gmail.com"
| #define PACKAGE_URL ""
| #define PACKAGE "liberr"
| #define VERSION "1.0"
| #define STDC_HEADERS 1
| #define HAVE_SYS_TYPES_H 1
| #define HAVE_SYS_STAT_H 1
| #define HAVE_STDLIB_H 1
| #define HAVE_STRING_H 1
| #define HAVE_MEMORY_H 1
| #define HAVE_STRINGS_H 1
| #define HAVE_INTTYPES_H 1
| #define HAVE_STDINT_H 1
| #define HAVE_UNISTD_H 1
| #define HAVE_DLFCN_H 1
| #define LT_OBJDIR ".libs/"
| #define HAVE_LIBPTHREAD 1
| #define HAVE_FCNTL_H 1
| #define HAVE_STDLIB_H 1
| #define HAVE_STRING_H 1
| #define HAVE_SYSLOG_H 1
| #define HAVE_UNISTD_H 1
| #define HAVE__BOOL 1
| /* end confdefs.h.  */
| #include <vfork.h>
configure:12984: result: no
configure:12984: checking for vfork.h
configure:12984: result: no
configure:12997: checking for fork
configure:12997: gcc -o conftest -g -O2   conftest.c -lpthread  >&5
conftest.c:53:6: warning: conflicting types for built-in function 'fork'
 char fork ();
      ^
configure:12997: $? = 0
configure:12997: result: yes
configure:12997: checking for vfork
configure:12997: gcc -o conftest -g -O2   conftest.c -lpthread  >&5
configure:12997: $? = 0
configure:12997: result: yes
configure:13007: checking for working fork
configure:13029: gcc -o conftest -g -O2   conftest.c -lpthread  >&5
configure:13029: $? = 0
configure:13029: ./conftest
configure:13029: $? = 0
configure:13039: result: yes
configure:13060: checking for working vfork
configure:13170: result: yes
configure:13195: checking whether strerror_r is declared
configure:13195: gcc -c -g -O2  conftest.c >&5
configure:13195: $? = 0
configure:13195: result: yes
configure:13208: checking for strerror_r
configure:13208: gcc -o conftest -g -O2   conftest.c -lpthread  >&5
configure:13208: $? = 0
configure:13208: result: yes
configure:13217: checking whether strerror_r returns char *
configure:13241: gcc -c -g -O2  conftest.c >&5
conftest.c: In function 'main':
conftest.c:74:13: error: invalid type argument of unary '*' (have 'int')
    char x = *strerror_r (0, buf, sizeof buf);
             ^
conftest.c:75:14: warning: initialization makes pointer from integer without a cast [-Wint-conversion]
    char *p = strerror_r (0, buf, sizeof buf);
              ^
configure:13241: $? = 1
configure: failed program was:
| /* confdefs.h */
| #define PACKAGE_NAME "liberr"
| #define PACKAGE_TARNAME "liberr"
| #define PACKAGE_VERSION "1.0"
| #define PACKAGE_STRING "liberr 1.0"
| #define PACKAGE_BUGREPORT "yzfedora@gmail.com"
| #define PACKAGE_URL ""
| #define PACKAGE "liberr"
| #define VERSION "1.0"
| #define STDC_HEADERS 1
| #define HAVE_SYS_TYPES_H 1
| #define HAVE_SYS_STAT_H 1
| #define HAVE_STDLIB_H 1
| #define HAVE_STRING_H 1
| #define HAVE_MEMORY_H 1
| #define HAVE_STRINGS_H 1
| #define HAVE_INTTYPES_H 1
| #define HAVE_STDINT_H 1
| #define HAVE_UNISTD_H 1
| #define HAVE_DLFCN_H 1
| #define LT_OBJDIR ".libs/"
| #define HAVE_LIBPTHREAD 1
| #define HAVE_FCNTL_H 1
| #define HAVE_STDLIB_H 1
| #define HAVE_STRING_H 1
| #define HAVE_SYSLOG_H 1
| #define HAVE_UNISTD_H 1
| #define HAVE__BOOL 1
| #define HAVE_FORK 1
| #define HAVE_VFORK 1
| #define HAVE_WORKING_VFORK 1
| #define HAVE_WORKING_FORK 1
| #define HAVE_DECL_STRERROR_R 1
| #define HAVE_STRERROR_R 1
| /* end confdefs.h.  */
| #include <stdio.h>
| #ifdef HAVE_SYS_TYPES_H
| # include <sys/types.h>
| #endif
| #ifdef HAVE_SYS_STAT_H
| # include <sys/stat.h>
| #endif
| #ifdef STDC_HEADERS
| # include <stdlib.h>
| # include <stddef.h>
| #else
| # ifdef HAVE_STDLIB_H
| #  include <stdlib.h>
| # endif
| #endif
| #ifdef HAVE_STRING_H
| # if !defined STDC_HEADERS && defined HAVE_MEMORY_H
| #  include <memory.h>
| # endif
| # include <string.h>
| #endif
| #ifdef HAVE_STRINGS_H
| # include <strings.h>
| #endif
| #ifdef HAVE_INTTYPES_H
| # include <inttypes.h>
| #endif
| #ifdef HAVE_STDINT_H
| # include <stdint.h>
| #endif
| #ifdef HAVE_UNISTD_H
| # include <unistd.h>
| #endif
| int
| main ()
| {
| 
| 	  char buf[100];
| 	  char x = *strerror_r (0, buf, sizeof buf);
| 	  char *p = strerror_r (0, buf, sizeof buf);
| 	  return !p || x;
| 
|   ;
|   return 0;
| }
configure:13279: result: no
configure:13290: checking for dup2
configure:13290: gcc -o conftest -g -O2   conftest.c -lpthread  >&5
configure:13290: $? = 0
configure:13290: result: yes
configure:13290: checking for strchr
configure:13290: gcc -o conftest -g -O2   conftest.c -lpthread  >&5
conftest.c:60:6: warning: conflicting types for built-in function 'strchr'
 char strchr ();
      ^
configure:13290: $? = 0
configure:13290: result: yes
configure:13290: checking for strerror
configure:13290: gcc -o conftest -g -O2   conftest.c -lpthread  >&5
configure:13290: $? = 0
configure:13290: result: yes
configure:13290: checking for strstr
configure:13290: gcc -o conftest -g -O2   conftest.c -lpthread  >&5
conftest.c:62:6: warning: conflicting types for built-in function 'strstr'
 char strstr ();
      ^
configure:13290: $? = 0
configure:13290: result: yes
configure:13411: checking that generated files are newer than configure
configure:13417: result: done
configure:13444: creating ./config.status

## ---------------------- ##
## Running config.status. ##
## ---------------------- ##

This file was extended by liberr config.status 1.0, which was
generated by GNU Autoconf 2.69.  Invocation command line was

  CONFIG_FILES    = 
  CONFIG_HEADERS  = 
  CONFIG_LINKS    = 
  CONFIG_COMMANDS = 
  $ ./config.status 

on localhost.localdomain

config.status:1100: creating Makefile
config.status:1100: creating config.h
config.status:1281: config.h is unchanged
config.status:1329: executing depfiles commands
config.status:1329: executing libtool commands

## ---------------- ##
## Cache variables. ##
## ---------------- ##

ac_cv_build=x86_64-unknown-linux-gnu
ac_cv_c_compiler_gnu=yes
ac_cv_c_inline=inline
ac_cv_env_CC_set=
ac_cv_env_CC_value=
ac_cv_env_CFLAGS_set=
ac_cv_env_CFLAGS_value=
ac_cv_env_CPPFLAGS_set=
ac_cv_env_CPPFLAGS_value=
ac_cv_env_CPP_set=
ac_cv_env_CPP_value=
ac_cv_env_LDFLAGS_set=
ac_cv_env_LDFLAGS_value=
ac_cv_env_LIBS_set=
ac_cv_env_LIBS_value=
ac_cv_env_LT_SYS_LIBRARY_PATH_set=
ac_cv_env_LT_SYS_LIBRARY_PATH_value=
ac_cv_env_build_alias_set=
ac_cv_env_build_alias_value=
ac_cv_env_host_alias_set=
ac_cv_env_host_alias_value=
ac_cv_env_target_alias_set=
ac_cv_env_target_alias_value=
ac_cv_func_dup2=yes
ac_cv_func_fork=yes
ac_cv_func_fork_works=yes
ac_cv_func_strchr=yes
ac_cv_func_strerror=yes
ac_cv_func_strerror_r=yes
ac_cv_func_strerror_r_char_p=no
ac_cv_func_strstr=yes
ac_cv_func_vfork=yes
ac_cv_func_vfork_works=yes
ac_cv_have_decl_strerror_r=yes
ac_cv_header_dlfcn_h=yes
ac_cv_header_fcntl_h=yes
ac_cv_header_inttypes_h=yes
ac_cv_header_memory_h=yes
ac_cv_header_stdbool_h=yes
ac_cv_header_stdc=yes
ac_cv_header_stdint_h=yes
ac_cv_header_stdlib_h=yes
ac_cv_header_string_h=yes
ac_cv_header_strings_h=yes
ac_cv_header_sys_stat_h=yes
ac_cv_header_sys_types_h=yes
ac_cv_header_syslog_h=yes
ac_cv_header_unistd_h=yes
ac_cv_header_vfork_h=no
ac_cv_host=x86_64-unknown-linux-gnu
ac_cv_lib_pthread_pthread_exit=yes
ac_cv_objext=o
ac_cv_path_EGREP='/usr/bin/grep -E'
ac_cv_path_FGREP='/usr/bin/grep -F'
ac_cv_path_GREP=/usr/bin/grep
ac_cv_path_SED=/usr/bin/sed
ac_cv_path_install='/usr/bin/install -c'
ac_cv_path_lt_DD=/usr/bin/dd
ac_cv_path_mkdir=/usr/bin/mkdir
ac_cv_prog_AWK=gawk
ac_cv_prog_CPP='gcc -E'
ac_cv_prog_ac_ct_AR=ar
ac_cv_prog_ac_ct_CC=gcc
ac_cv_prog_ac_ct_OBJDUMP=objdump
ac_cv_prog_ac_ct_RANLIB=ranlib
ac_cv_prog_ac_ct_STRIP=strip
ac_cv_prog_cc_c89=
ac_cv_prog_cc_g=yes
ac_cv_prog_make_make_set=yes
ac_cv_type__Bool=yes
ac_cv_type_pid_t=yes
ac_cv_type_size_t=yes
am_cv_CC_dependencies_compiler_type=gcc3
am_cv_make_support_nested_variables=yes
am_cv_prog_cc_c_o=yes
lt_cv_ar_at_file=@
lt_cv_archive_cmds_need_lc=no
lt_cv_deplibs_check_method=pass_all
lt_cv_file_magic_cmd='$MAGIC_CMD'
lt_cv_file_magic_test_file=
lt_cv_ld_reload_flag=-r
lt_cv_nm_interface='BSD nm'
lt_cv_objdir=.libs
lt_cv_path_LD=/usr/bin/ld
lt_cv_path_NM='/usr/bin/nm -B'
lt_cv_path_mainfest_tool=no
lt_cv_prog_compiler_c_o=yes
lt_cv_prog_compiler_pic='-fPIC -DPIC'
lt_cv_prog_compiler_pic_works=yes
lt_cv_prog_compiler_rtti_exceptions=no
lt_cv_prog_compiler_static_works=no
lt_cv_prog_gnu_ld=yes
lt_cv_sharedlib_from_linklib_cmd='printf %s\n'
lt_cv_shlibpath_overrides_runpath=no
lt_cv_sys_global_symbol_pipe='sed -n -e '\''s/^.*[	 ]\([ABCDGIRSTW][ABCDGIRSTW]*\)[	 ][	 ]*\([_A-Za-z][_A-Za-z0-9]*\)$/\1 \2 \2/p'\'' | sed '\''/ __gnu_lto/d'\'''
lt_cv_sys_global_symbol_to_c_name_address='sed -n -e '\''s/^: \(.*\) .*$/  {"\1", (void *) 0},/p'\'' -e '\''s/^[ABCDGIRSTW][ABCDGIRSTW]* .* \(.*\)$/  {"\1", (void *) \&\1},/p'\'''
lt_cv_sys_global_symbol_to_c_name_address_lib_prefix='sed -n -e '\''s/^: \(.*\) .*$/  {"\1", (void *) 0},/p'\'' -e '\''s/^[ABCDGIRSTW][ABCDGIRSTW]* .* \(lib.*\)$/  {"\1", (void *) \&\1},/p'\'' -e '\''s/^[ABCDGIRSTW][ABCDGIRSTW]* .* \(.*\)$/  {"lib\1", (void *) \&\1},/p'\'''
lt_cv_sys_global_symbol_to_cdecl='sed -n -e '\''s/^T .* \(.*\)$/extern int \1();/p'\'' -e '\''s/^[ABCDGIRSTW][ABCDGIRSTW]* .* \(.*\)$/extern char \1;/p'\'''
lt_cv_sys_global_symbol_to_import=
lt_cv_sys_max_cmd_len=1572864
lt_cv_to_host_file_cmd=func_convert_file_noop
lt_cv_to_tool_file_cmd=func_convert_file_noop
lt_cv_truncate_bin='/usr/bin/dd bs=4096 count=1'

## ----------------- ##
## Output variables. ##
## ----------------- ##

ACLOCAL='${SHELL} /home/tomonori/git/liberr/missing aclocal-1.15'
AMDEPBACKSLASH='\'
AMDEP_FALSE='#'
AMDEP_TRUE=''
AMTAR='$${TAR-tar}'
AM_BACKSLASH='\'
AM_DEFAULT_V='$(AM_DEFAULT_VERBOSITY)'
AM_DEFAULT_VERBOSITY='1'
AM_V='$(V)'
AR='ar'
AUTOCONF='${SHELL} /home/tomonori/git/liberr/missing autoconf'
AUTOHEADER='${SHELL} /home/tomonori/git/liberr/missing autoheader'
AUTOMAKE='${SHELL} /home/tomonori/git/liberr/missing automake-1.15'
AWK='gawk'
CC='gcc'
CCDEPMODE='depmode=gcc3'
CFLAGS='-g -O2'
CPP='gcc -E'
CPPFLAGS=''
CYGPATH_W='echo'
DEFS='-DHAVE_CONFIG_H'
DEPDIR='.deps'
DLLTOOL='false'
DSYMUTIL=''
DUMPBIN=''
ECHO_C=''
ECHO_N='-n'
ECHO_T=''
EGREP='/usr/bin/grep -E'
EXEEXT=''
FGREP='/usr/bin/grep -F'
GREP='/usr/bin/grep'
INSTALL_DATA='${INSTALL} -m 644'
INSTALL_PROGRAM='${INSTALL}'
INSTALL_SCRIPT='${INSTALL}'
INSTALL_STRIP_PROGRAM='$(install_sh) -c -s'
LD='/usr/bin/ld -m elf_x86_64'
LDFLAGS=''
LIBOBJS=''
LIBS='-lpthread '
LIBTOOL='$(SHELL) $(top_builddir)/libtool'
LIPO=''
LN_S='ln -s'
LTLIBOBJS=''
LT_SYS_LIBRARY_PATH=''
MAKEINFO='${SHELL} /home/tomonori/git/liberr/missing makeinfo'
MANIFEST_TOOL=':'
MKDIR_P='/usr/bin/mkdir -p'
NM='/usr/bin/nm -B'
NMEDIT=''
OBJDUMP='objdump'
OBJEXT='o'
OTOOL64=''
OTOOL=''
PACKAGE='liberr'
PACKAGE_BUGREPORT='yzfedora@gmail.com'
PACKAGE_NAME='liberr'
PACKAGE_STRING='liberr 1.0'
PACKAGE_TARNAME='liberr'
PACKAGE_URL=''
PACKAGE_VERSION='1.0'
PATH_SEPARATOR=':'
RANLIB='ranlib'
SED='/usr/bin/sed'
SET_MAKE=''
SHELL='/bin/sh'
STRIP='strip'
VERSION='1.0'
ac_ct_AR='ar'
ac_ct_CC='gcc'
ac_ct_DUMPBIN=''
am__EXEEXT_FALSE=''
am__EXEEXT_TRUE='#'
am__fastdepCC_FALSE='#'
am__fastdepCC_TRUE=''
am__include='include'
am__isrc=''
am__leading_dot='.'
am__nodep='_no'
am__quote=''
am__tar='$${TAR-tar} chof - "$$tardir"'
am__untar='$${TAR-tar} xf -'
bindir='${exec_prefix}/bin'
build='x86_64-unknown-linux-gnu'
build_alias=''
build_cpu='x86_64'
build_os='linux-gnu'
build_vendor='unknown'
datadir='${datarootdir}'
datarootdir='${prefix}/share'
docdir='${datarootdir}/doc/${PACKAGE_TARNAME}'
dvidir='${docdir}'
exec_prefix='${prefix}'
host='x86_64-unknown-linux-gnu'
host_alias=''
host_cpu='x86_64'
host_os='linux-gnu'
host_vendor='unknown'
htmldir='${docdir}'
includedir='${prefix}/include'
infodir='${datarootdir}/info'
install_sh='${SHELL} /home/tomonori/git/liberr/install-sh'
libdir='${exec_prefix}/lib'
libexecdir='${exec_prefix}/libexec'
localedir='${datarootdir}/locale'
localstatedir='${prefix}/var'
mandir='${datarootdir}/man'
mkdir_p='$(MKDIR_P)'
oldincludedir='/usr/include'
pdfdir='${docdir}'
prefix='/usr/local'
program_transform_name='s,x,x,'
psdir='${docdir}'
sbindir='${exec_prefix}/sbin'
sharedstatedir='${prefix}/com'
sysconfdir='${prefix}/etc'
target_alias=''

## ----------- ##
## confdefs.h. ##
## ----------- ##

/* confdefs.h */
#define PACKAGE_NAME "liberr"
#define PACKAGE_TARNAME "liberr"
#define PACKAGE_VERSION "1.0"
#define PACKAGE_STRING "liberr 1.0"
#define PACKAGE_BUGREPORT "yzfedora@gmail.com"
#define PACKAGE_URL ""
#define PACKAGE "liberr"
#define VERSION "1.0"
#define STDC_HEADERS 1
#define HAVE_SYS_TYPES_H 1
#define HAVE_SYS_STAT_H 1
#define HAVE_STDLIB_H 1
#define HAVE_STRING_H 1
#define HAVE_MEMORY_H 1
#define HAVE_STRINGS_H 1
#define HAVE_INTTYPES_H 1
#define HAVE_STDINT_H 1
#define HAVE_UNISTD_H 1
#define HAVE_DLFCN_H 1
#define LT_OBJDIR ".libs/"
#define HAVE_LIBPTHREAD 1
#define HAVE_FCNTL_H 1
#define HAVE_STDLIB_H 1
#define HAVE_STRING_H 1
#define HAVE_SYSLOG_H 1
#define HAVE_UNISTD_H 1
#define HAVE__BOOL 1
#define HAVE_FORK 1
#define HAVE_VFORK 1
#define HAVE_WORKING_VFORK 1
#define HAVE_WORKING_FORK 1
#define HAVE_DECL_STRERROR_R 1
#define HAVE_STRERROR_R 1
#define HAVE_DUP2 1
#define HAVE_STRCHR 1
#define HAVE_STRERROR 1
#define HAVE_STRSTR 1

configure: exit 0
